This is pdfTeX, Version 3.14159265-2.6-1.40.18 (MiKTeX 2.9.6350) (preloaded format=pdflatex 2017.8.8)  17 SEP 2017 19:30
entering extended mode
**./code_usage.tex
(code_usage.tex
LaTeX2e <2017-04-15>
Babel <3.10> and hyphenation patterns for 75 language(s) loaded.
(C:\p\MiKTeX\tex\latex\base\article.cls
Document Class: article 2014/09/29 v1.4h Standard LaTeX document class
(C:\p\MiKTeX\tex\latex\base\size12.clo
File: size12.clo 2014/09/29 v1.4h Standard LaTeX file (size option)
)
\c@part=\count79
\c@section=\count80
\c@subsection=\count81
\c@subsubsection=\count82
\c@paragraph=\count83
\c@subparagraph=\count84
\c@figure=\count85
\c@table=\count86
\abovecaptionskip=\skip41
\belowcaptionskip=\skip42
\bibindent=\dimen102
) (code_usage.aux)
\openout1 = `code_usage.aux'.

LaTeX Font Info:    Checking defaults for OML/cmm/m/it on input line 3.
LaTeX Font Info:    ... okay on input line 3.
LaTeX Font Info:    Checking defaults for T1/cmr/m/n on input line 3.
LaTeX Font Info:    ... okay on input line 3.
LaTeX Font Info:    Checking defaults for OT1/cmr/m/n on input line 3.
LaTeX Font Info:    ... okay on input line 3.
LaTeX Font Info:    Checking defaults for OMS/cmsy/m/n on input line 3.
LaTeX Font Info:    ... okay on input line 3.
LaTeX Font Info:    Checking defaults for OMX/cmex/m/n on input line 3.
LaTeX Font Info:    ... okay on input line 3.
LaTeX Font Info:    Checking defaults for U/cmr/m/n on input line 3.
LaTeX Font Info:    ... okay on input line 3.
LaTeX Font Info:    External font `cmex10' loaded for size
(Font)              <14.4> on input line 9.
LaTeX Font Info:    External font `cmex10' loaded for size
(Font)              <7> on input line 9.
LaTeX Font Info:    Try loading font information for OMS+cmr on input line 15.

(C:\p\MiKTeX\tex\latex\base\omscmr.fd
File: omscmr.fd 2014/09/29 v2.5h Standard LaTeX font definitions
)
LaTeX Font Info:    Font shape `OMS/cmr/m/n' in size <12> not available
(Font)              Font shape `OMS/cmsy/m/n' tried instead on input line 15.
LaTeX Font Info:    External font `cmex10' loaded for size
(Font)              <12> on input line 15.
LaTeX Font Info:    External font `cmex10' loaded for size
(Font)              <8> on input line 15.
LaTeX Font Info:    External font `cmex10' loaded for size
(Font)              <6> on input line 15.
 [1

{C:/Users/W7/AppData/Local/MiKTeX/2.9/pdftex/config/pdftex.map}] [2] [3]
Overfull \hbox (15.23286pt too wide) in paragraph at lines 73--74
\OT1/cmr/m/n/12 The field ex-ists only if ei-ther \OT1/cmtt/m/n/12 findEigenval
ues() \OT1/cmr/m/n/12 or \OT1/cmtt/m/n/12 getMaxEigenvalue()
 []


Overfull \hbox (14.72766pt too wide) in paragraph at lines 77--78
[]\OT1/cmtt/m/n/12 saveSolution((uFile,pFile), label=None)\OT1/cmr/m/n/12 : Sav
e the cal-cu-lated $(\OT1/cmr/bx/n/12 u\OML/cmm/m/it/12 ; p\OT1/cmr/m/n/12 )$
 []


Overfull \hbox (27.2883pt too wide) in paragraph at lines 79--80
\OT1/cmr/m/n/12 as a vol-ume in-te-gral us-ing Gauss' law. For ex-am-ple \OT1/c
mtt/m/n/12 dragForceGauss((1,0))
 []


Overfull \hbox (30.54982pt too wide) in paragraph at lines 79--80
\OT1/cmr/m/n/12 gives the (x di-rec-tional) drag force on the air-foil and \OT1
/cmtt/m/n/12 dragForceGauss((0,1))
 []


Overfull \hbox (5.90245pt too wide) in paragraph at lines 80--81
\OT1/cmr/m/n/12 com-po-nent of the force on the air-foil point-ing to-wards \OT
1/cmtt/m/n/12 directionVector\OT1/cmr/m/n/12 .
 []

[4]
Overfull \hbox (11.22572pt too wide) in paragraph at lines 84--85
[]\OT1/cmtt/m/n/12 getMaxEigenvalue(nonZeroFreq=False, nEigenvalues=60)\OT1/cmr
/m/n/12 : Find the
 []

[5]
Overfull \hbox (60.93315pt too wide) in paragraph at lines 95--96
[]\OT1/cmtt/m/n/12 shapeTransform(originalShape, finalShape, nFrames=150)\OT1/c
mr/m/n/12 : \OT1/cmtt/m/n/12 originalShape
 []


Overfull \hbox (34.57489pt too wide) in paragraph at lines 96--97
[]\OT1/cmtt/m/n/12 constrainedStep(costDer, constraintDer, constraintVal, stepS
ize,
 []


Overfull \hbox (12.59187pt too wide) in paragraph at lines 97--98
[]\OT1/cmtt/m/n/12 twoConstrainedStep(costDer, constraintDer[]1, constraintVal[
]1,
 []


Overfull \hbox (25.39987pt too wide) in paragraph at lines 97--98
\OT1/cmtt/m/n/12 constraintDer[]2, constraintVal[]2, stepSize, maximise=True)\O
T1/cmr/m/n/12 : Sim-
 []

[6] [7] (code_usage.aux) ) 
Here is how much of TeX's memory you used:
 261 strings out of 493323
 2806 string characters out of 3145998
 57648 words of memory out of 3000000
 3869 multiletter control sequences out of 15000+200000
 9945 words of font info for 35 fonts, out of 3000000 for 9000
 1141 hyphenation exceptions out of 8191
 22i,6n,19p,855b,187s stack positions out of 5000i,500n,10000p,200000b,50000s
<C:/p/MiKTeX/fonts/type1/public/amsfonts/cm/cmbx12.pf
b><C:/p/MiKTeX/fonts/type1/public/amsfonts/cm/cmmi12.pfb><C:/p/MiKTeX/fonts/typ
e1/public/amsfonts/cm/cmmi8.pfb><C:/p/MiKTeX/fonts/type1/public/amsfonts/cm/cmr
12.pfb><C:/p/MiKTeX/fonts/type1/public/amsfonts/cm/cmr17.pfb><C:/p/MiKTeX/fonts
/type1/public/amsfonts/cm/cmr8.pfb><C:/p/MiKTeX/fonts/type1/public/amsfonts/cm/
cmsy10.pfb><C:/p/MiKTeX/fonts/type1/public/amsfonts/cm/cmti12.pfb><C:/p/MiKTeX/
fonts/type1/public/amsfonts/cm/cmtt12.pfb>
Output written on code_usage.pdf (7 pages, 115170 bytes).
PDF statistics:
 62 PDF objects out of 1000 (max. 8388607)
 0 named destinations out of 1000 (max. 500000)
 1 words of extra memory for PDF output out of 10000 (max. 10000000)

