This is pdfTeX, Version 3.14159265-2.6-1.40.18 (MiKTeX 2.9.6350) (preloaded format=pdflatex 2017.8.8)  7 SEP 2017 13:50
entering extended mode
**./joukowsky_optimisation.tex
(joukowsky_optimisation.tex
LaTeX2e <2017-04-15>
Babel <3.10> and hyphenation patterns for 75 language(s) loaded.
(C:\p\MiKTeX\tex\latex\base\article.cls
Document Class: article 2014/09/29 v1.4h Standard LaTeX document class
(C:\p\MiKTeX\tex\latex\base\size12.clo
File: size12.clo 2014/09/29 v1.4h Standard LaTeX file (size option)
)
\c@part=\count79
\c@section=\count80
\c@subsection=\count81
\c@subsubsection=\count82
\c@paragraph=\count83
\c@subparagraph=\count84
\c@figure=\count85
\c@table=\count86
\abovecaptionskip=\skip41
\belowcaptionskip=\skip42
\bibindent=\dimen102
)
(C:\p\MiKTeX\tex\latex\amsmath\amsmath.sty
Package: amsmath 2016/11/05 v2.16a AMS math features
\@mathmargin=\skip43

For additional information on amsmath, use the `?' option.
(C:\p\MiKTeX\tex\latex\amsmath\amstext.sty
Package: amstext 2000/06/29 v2.01 AMS text

(C:\p\MiKTeX\tex\latex\amsmath\amsgen.sty
File: amsgen.sty 1999/11/30 v2.0 generic functions
\@emptytoks=\toks14
\ex@=\dimen103
))
(C:\p\MiKTeX\tex\latex\amsmath\amsbsy.sty
Package: amsbsy 1999/11/29 v1.2d Bold Symbols
\pmbraise@=\dimen104
)
(C:\p\MiKTeX\tex\latex\amsmath\amsopn.sty
Package: amsopn 2016/03/08 v2.02 operator names
)
\inf@bad=\count87
LaTeX Info: Redefining \frac on input line 213.
\uproot@=\count88
\leftroot@=\count89
LaTeX Info: Redefining \overline on input line 375.
\classnum@=\count90
\DOTSCASE@=\count91
LaTeX Info: Redefining \ldots on input line 472.
LaTeX Info: Redefining \dots on input line 475.
LaTeX Info: Redefining \cdots on input line 596.
\Mathstrutbox@=\box26
\strutbox@=\box27
\big@size=\dimen105
LaTeX Font Info:    Redeclaring font encoding OML on input line 712.
LaTeX Font Info:    Redeclaring font encoding OMS on input line 713.
\macc@depth=\count92
\c@MaxMatrixCols=\count93
\dotsspace@=\muskip10
\c@parentequation=\count94
\dspbrk@lvl=\count95
\tag@help=\toks15
\row@=\count96
\column@=\count97
\maxfields@=\count98
\andhelp@=\toks16
\eqnshift@=\dimen106
\alignsep@=\dimen107
\tagshift@=\dimen108
\tagwidth@=\dimen109
\totwidth@=\dimen110
\lineht@=\dimen111
\@envbody=\toks17
\multlinegap=\skip44
\multlinetaggap=\skip45
\mathdisplay@stack=\toks18
LaTeX Info: Redefining \[ on input line 2817.
LaTeX Info: Redefining \] on input line 2818.
)
(C:\p\MiKTeX\tex\latex\graphics\graphicx.sty
Package: graphicx 2014/10/28 v1.0g Enhanced LaTeX Graphics (DPC,SPQR)

(C:\p\MiKTeX\tex\latex\graphics\keyval.sty
Package: keyval 2014/10/28 v1.15 key=value parser (DPC)
\KV@toks@=\toks19
)
(C:\p\MiKTeX\tex\latex\graphics\graphics.sty
Package: graphics 2017/04/14 v1.1b Standard LaTeX Graphics (DPC,SPQR)

(C:\p\MiKTeX\tex\latex\graphics\trig.sty
Package: trig 2016/01/03 v1.10 sin cos tan (DPC)
)
(C:\p\MiKTeX\tex\latex\graphics-cfg\graphics.cfg
File: graphics.cfg 2016/06/04 v1.11 sample graphics configuration
)
Package graphics Info: Driver file: pdftex.def on input line 99.

(C:\p\MiKTeX\tex\latex\graphics-def\pdftex.def
File: pdftex.def 2017/01/12 v0.06k Graphics/color for pdfTeX

(C:\p\MiKTeX\tex\generic\oberdiek\infwarerr.sty
Package: infwarerr 2016/05/16 v1.4 Providing info/warning/error messages (HO)
)
(C:\p\MiKTeX\tex\generic\oberdiek\ltxcmds.sty
Package: ltxcmds 2016/05/16 v1.23 LaTeX kernel commands for general use (HO)
)
\Gread@gobject=\count99
))
\Gin@req@height=\dimen112
\Gin@req@width=\dimen113
)
(C:\Users\W7\AppData\Roaming\MiKTeX\2.9\tex\latex\subfig\subfig.sty
Package: subfig 2005/06/28 ver: 1.3 subfig package

(C:\Users\W7\AppData\Roaming\MiKTeX\2.9\tex\latex\caption\caption.sty
Package: caption 2016/02/21 v3.3-144 Customizing captions (AR)

(C:\Users\W7\AppData\Roaming\MiKTeX\2.9\tex\latex\caption\caption3.sty
Package: caption3 2016/05/22 v1.7-166 caption3 kernel (AR)
Package caption3 Info: TeX engine: e-TeX on input line 67.
\captionmargin=\dimen114
\captionmargin@=\dimen115
\captionwidth=\dimen116
\caption@tempdima=\dimen117
\caption@indent=\dimen118
\caption@parindent=\dimen119
\caption@hangindent=\dimen120
)
\c@ContinuedFloat=\count100
)
\c@KVtest=\count101
\sf@farskip=\skip46
\sf@captopadj=\dimen121
\sf@capskip=\skip47
\sf@nearskip=\skip48
\c@subfigure=\count102
\c@subfigure@save=\count103
\c@lofdepth=\count104
\c@subtable=\count105
\c@subtable@save=\count106
\c@lotdepth=\count107
\sf@top=\skip49
\sf@bottom=\skip50
)
(joukowsky_optimisation.aux)
\openout1 = `joukowsky_optimisation.aux'.

LaTeX Font Info:    Checking defaults for OML/cmm/m/it on input line 7.
LaTeX Font Info:    ... okay on input line 7.
LaTeX Font Info:    Checking defaults for T1/cmr/m/n on input line 7.
LaTeX Font Info:    ... okay on input line 7.
LaTeX Font Info:    Checking defaults for OT1/cmr/m/n on input line 7.
LaTeX Font Info:    ... okay on input line 7.
LaTeX Font Info:    Checking defaults for OMS/cmsy/m/n on input line 7.
LaTeX Font Info:    ... okay on input line 7.
LaTeX Font Info:    Checking defaults for OMX/cmex/m/n on input line 7.
LaTeX Font Info:    ... okay on input line 7.
LaTeX Font Info:    Checking defaults for U/cmr/m/n on input line 7.
LaTeX Font Info:    ... okay on input line 7.
 (C:\p\MiKTeX\tex\generic\oberdiek\pdftexcmds.sty
Package: pdftexcmds 2017/03/19 v0.25 Utility functions of pdfTeX for LuaTeX (HO
)

(C:\p\MiKTeX\tex\generic\oberdiek\ifluatex.sty
Package: ifluatex 2016/05/16 v1.4 Provides the ifluatex switch (HO)
Package ifluatex Info: LuaTeX not detected.
)
(C:\p\MiKTeX\tex\generic\oberdiek\ifpdf.sty
Package: ifpdf 2017/03/15 v3.2 Provides the ifpdf switch
)
Package pdftexcmds Info: LuaTeX not detected.
Package pdftexcmds Info: \pdf@primitive is available.
Package pdftexcmds Info: \pdf@ifprimitive is available.
Package pdftexcmds Info: \pdfdraftmode found.
)
(C:\p\MiKTeX\tex\latex\oberdiek\epstopdf-base.sty
Package: epstopdf-base 2016/05/15 v2.6 Base part for package epstopdf

(C:\p\MiKTeX\tex\latex\oberdiek\grfext.sty
Package: grfext 2016/05/16 v1.2 Manage graphics extensions (HO)

(C:\p\MiKTeX\tex\generic\oberdiek\kvdefinekeys.sty
Package: kvdefinekeys 2016/05/16 v1.4 Define keys (HO)
))
(C:\p\MiKTeX\tex\latex\oberdiek\kvoptions.sty
Package: kvoptions 2016/05/16 v3.12 Key value format for package options (HO)

(C:\p\MiKTeX\tex\generic\oberdiek\kvsetkeys.sty
Package: kvsetkeys 2016/05/16 v1.17 Key value parser (HO)

(C:\p\MiKTeX\tex\generic\oberdiek\etexcmds.sty
Package: etexcmds 2016/05/16 v1.6 Avoid name clashes with e-TeX commands (HO)
Package etexcmds Info: Could not find \expanded.
(etexcmds)             That can mean that you are not using pdfTeX 1.50 or
(etexcmds)             that some package has redefined \expanded.
(etexcmds)             In the latter case, load this package earlier.
)))
Package epstopdf-base Info: Redefining graphics rule for `.eps' on input line 4
38.
Package grfext Info: Graphics extension search list:
(grfext)             [.png,.pdf,.jpg,.mps,.jpeg,.jbig2,.jb2,.PNG,.PDF,.JPG,.JPE
G,.JBIG2,.JB2,.eps]
(grfext)             \AppendGraphicsExtensions on input line 456.
)
Package caption Info: Begin \AtBeginDocument code.
Package caption Info: subfig package v1.3 is loaded.
Package caption Info: End \AtBeginDocument code.

<images/domain_vector_2.pdf, id=1, 602.25pt x 401.5pt>
File: images/domain_vector_2.pdf Graphic file (type pdf)

<use images/domain_vector_2.pdf>
Package pdftex.def Info: images/domain_vector_2.pdf used on input line 36.
(pdftex.def)             Requested size: 272.99881pt x 182.00275pt.
 [1

{C:/Users/W7/AppData/Local/MiKTeX/2.9/pdftex/config/pdftex.map}] [2 <./images/d
omain_vector_2.pdf>] [3] [4] [5] [6]
[7] [8] <images/mesh_1.png, id=44, 808.01875pt x 538.01pt>
File: images/mesh_1.png Graphic file (type png)

<use images/mesh_1.png>
Package pdftex.def Info: images/mesh_1.png used on input line 390.
(pdftex.def)             Requested size: 213.65543pt x 142.26378pt.
 <images/mesh_2.png, id=45, 1059.96pt x 551.05875pt>
File: images/mesh_2.png Graphic file (type png)

<use images/mesh_2.png>
Package pdftex.def Info: images/mesh_2.png used on input line 396.
(pdftex.def)             Requested size: 273.64226pt x 142.26378pt.
 <images/mesh_3.png, id=46, 1059.96pt x 551.05875pt>
File: images/mesh_3.png Graphic file (type png)

<use images/mesh_3.png>
Package pdftex.def Info: images/mesh_3.png used on input line 405.
(pdftex.def)             Requested size: 155.99762pt x 81.09967pt.
 <images/mesh_4.png, id=47, 1059.96pt x 551.05875pt>
File: images/mesh_4.png Graphic file (type png)

<use images/mesh_4.png>
Package pdftex.def Info: images/mesh_4.png used on input line 409.
(pdftex.def)             Requested size: 155.99762pt x 81.09967pt.
 <images/mesh_5.png, id=48, 1059.96pt x 551.05875pt>
File: images/mesh_5.png Graphic file (type png)

<use images/mesh_5.png>
Package pdftex.def Info: images/mesh_5.png used on input line 413.
(pdftex.def)             Requested size: 155.99762pt x 81.09967pt.
 <images/mesh_6.png, id=49, 1059.96pt x 551.05875pt>
File: images/mesh_6.png Graphic file (type png)

<use images/mesh_6.png>
Package pdftex.def Info: images/mesh_6.png used on input line 417.
(pdftex.def)             Requested size: 155.99762pt x 81.09967pt.

<images/pressure_circle.png, id=50, 1059.96pt x 551.05875pt>
File: images/pressure_circle.png Graphic file (type png)

<use images/pressure_circle.png>
Package pdftex.def Info: images/pressure_circle.png used on input line 439.
(pdftex.def)             Requested size: 350.99762pt x 182.48058pt.

<images/velocity_circle.png, id=51, 1059.96pt x 551.05875pt>
File: images/velocity_circle.png Graphic file (type png)

<use images/velocity_circle.png>
Package pdftex.def Info: images/velocity_circle.png used on input line 442.
(pdftex.def)             Requested size: 350.99762pt x 182.48058pt.
 [9] [10 <./images/mesh_1.png> <./images/mesh_2.png (PNG copy)>] [11 <./images/
mesh_3.png (PNG copy)> <./images/mesh_4.png (PNG copy)> <./images/mesh_5.png (P
NG copy)> <./images/mesh_6.png (PNG copy)>]
[12 <./images/pressure_circle.png (PNG copy)> <./images/velocity_circle.png (PN
G copy)>] <images/pressure_ellipse_opt.png, id=66, 1068.99374pt x 712.6625pt>
File: images/pressure_ellipse_opt.png Graphic file (type png)

<use images/pressure_ellipse_opt.png>
Package pdftex.def Info: images/pressure_ellipse_opt.png used on input line 477
.
(pdftex.def)             Requested size: 350.99762pt x 233.99405pt.

<images/velocity_ellipse_opt.png, id=67, 1068.99374pt x 712.6625pt>
File: images/velocity_ellipse_opt.png Graphic file (type png)

<use images/velocity_ellipse_opt.png>
Package pdftex.def Info: images/velocity_ellipse_opt.png used on input line 480
.
(pdftex.def)             Requested size: 350.99762pt x 233.99405pt.
 [13] [14 <./images/pressure_ellipse_opt.png> <./images/velocity_ellipse_opt.pn
g>]
<images/lift_drag.pdf, id=77, 462.52798pt x 346.89601pt>
File: images/lift_drag.pdf Graphic file (type pdf)

<use images/lift_drag.pdf>
Package pdftex.def Info: images/lift_drag.pdf used on input line 513.
(pdftex.def)             Requested size: 189.68709pt x 142.26378pt.

<images/pressure_angle.png, id=78, 1059.96pt x 551.05875pt>
File: images/pressure_angle.png Graphic file (type png)

<use images/pressure_angle.png>
Package pdftex.def Info: images/pressure_angle.png used on input line 521.
(pdftex.def)             Requested size: 350.99762pt x 182.48058pt.

<images/velocity_angle.png, id=79, 1059.96pt x 551.05875pt>
File: images/velocity_angle.png Graphic file (type png)

<use images/velocity_angle.png>
Package pdftex.def Info: images/velocity_angle.png used on input line 524.
(pdftex.def)             Requested size: 350.99762pt x 182.48058pt.

<images/pressure_joukow.png, id=80, 1059.96pt x 551.05875pt>
File: images/pressure_joukow.png Graphic file (type png)

<use images/pressure_joukow.png>
Package pdftex.def Info: images/pressure_joukow.png used on input line 543.
(pdftex.def)             Requested size: 350.99762pt x 182.48058pt.

<images/velocity_joukow.png, id=81, 1059.96pt x 551.05875pt>
File: images/velocity_joukow.png Graphic file (type png)

<use images/velocity_joukow.png>
Package pdftex.def Info: images/velocity_joukow.png used on input line 546.
(pdftex.def)             Requested size: 350.99762pt x 182.48058pt.
 [15 <./images/lift_drag.pdf>] [16 <./images/pressure_angle.png (PNG copy)> <./
images/velocity_angle.png (PNG copy)>]
<images/sValues.pdf, id=127, 379.93944pt x 296.84555pt>
File: images/sValues.pdf Graphic file (type pdf)

<use images/sValues.pdf>
Package pdftex.def Info: images/sValues.pdf used on input line 565.
(pdftex.def)             Requested size: 272.99881pt x 213.28926pt.
 <images/maxS.pdf, id=128, 388.10559pt x 307.64574pt>
File: images/maxS.pdf Graphic file (type pdf)

<use images/maxS.pdf>
Package pdftex.def Info: images/maxS.pdf used on input line 571.
(pdftex.def)             Requested size: 272.99881pt x 216.40675pt.
 [17] [18 <./images/pressure_joukow.png (PNG copy)> <./images/velocity_joukow.p
ng (PNG copy)>] [19 <./images/sValues.pdf> <./images/maxS.pdf

pdfTeX warning: pdflatex.exe (file ./images/maxS.pdf): PDF inclusion: multiple 
pdfs with page group included in a single page
>] [20] [21] [22] [23] [24] [25] [26] [27] [28] (joukowsky_optimisation.bbl)
[29] (joukowsky_optimisation.aux) ) 
Here is how much of TeX's memory you used:
 3179 strings out of 493323
 48417 string characters out of 3145998
 118775 words of memory out of 3000000
 6674 multiletter control sequences out of 15000+200000
 11377 words of font info for 40 fonts, out of 3000000 for 9000
 1141 hyphenation exceptions out of 8191
 44i,23n,49p,842b,370s stack positions out of 5000i,500n,10000p,200000b,50000s
<C:/p/MiKTeX/fonts/type1/public/amsfonts/cm/
cmbsy10.pfb><C:/p/MiKTeX/fonts/type1/public/amsfonts/cm/cmbx12.pfb><C:/p/MiKTeX
/fonts/type1/public/amsfonts/cm/cmbx8.pfb><C:/p/MiKTeX/fonts/type1/public/amsfo
nts/cm/cmex10.pfb><C:/p/MiKTeX/fonts/type1/public/amsfonts/cm/cmmi12.pfb><C:/p/
MiKTeX/fonts/type1/public/amsfonts/cm/cmmi6.pfb><C:/p/MiKTeX/fonts/type1/public
/amsfonts/cm/cmmi8.pfb><C:/p/MiKTeX/fonts/type1/public/amsfonts/cm/cmmib10.pfb>
<C:/p/MiKTeX/fonts/type1/public/amsfonts/cm/cmr10.pfb><C:/p/MiKTeX/fonts/type1/
public/amsfonts/cm/cmr12.pfb><C:/p/MiKTeX/fonts/type1/public/amsfonts/cm/cmr6.p
fb><C:/p/MiKTeX/fonts/type1/public/amsfonts/cm/cmr8.pfb><C:/p/MiKTeX/fonts/type
1/public/amsfonts/cm/cmsy10.pfb><C:/p/MiKTeX/fonts/type1/public/amsfonts/cm/cms
y6.pfb><C:/p/MiKTeX/fonts/type1/public/amsfonts/cm/cmsy8.pfb><C:/p/MiKTeX/fonts
/type1/public/amsfonts/cm/cmti12.pfb>
Output written on joukowsky_optimisation.pdf (29 pages, 1301401 bytes).
PDF statistics:
 253 PDF objects out of 1000 (max. 8388607)
 0 named destinations out of 1000 (max. 500000)
 91 words of extra memory for PDF output out of 10000 (max. 10000000)

